209 : 2024-07-24 18:15:07,843 : INFO : telemetry.main : Attempt start. Configuration directory [/home/angel/.azure].
209 : 2024-07-24 18:15:07,843 : DEBUG : telemetry.note : acquiring lock
209 : 2024-07-24 18:15:07,843 : DEBUG : telemetry.note : acquired lock
209 : 2024-07-24 18:15:07,844 : INFO : telemetry.note : Update the note mtime to 2024-07-24 18:15:07.844008
209 : 2024-07-24 18:15:07,844 : WARNING : telemetry.note : Fail to parse or read the timestamp 'N/A' in the note file. Set the last send time to minimal. Reason: not readable
209 : 2024-07-24 18:15:07,845 : INFO : telemetry.records : 1 cache files to move.
209 : 2024-07-24 18:15:07,845 : INFO : telemetry.records : Create temp folder /tmp/tmppqhfalk8
209 : 2024-07-24 18:15:07,845 : INFO : telemetry.records : Move file /home/angel/.azure/telemetry/cache to /tmp/tmppqhfalk8/cache
209 : 2024-07-24 18:15:07,850 : INFO : telemetry.records : Processed file /tmp/tmppqhfalk8/cache into 1 records.
209 : 2024-07-24 18:15:07,850 : INFO : telemetry.records : Remove directory /tmp/tmppqhfalk8
209 : 2024-07-24 18:15:07,851 : INFO : telemetry.client : Accumulated 1 events. Flush the clients.
209 : 2024-07-24 18:15:07,851 : INFO : telemetry.client : Flush client c4395b75-49cc-422c-bc95-c7d51aef5d46.
209 : 2024-07-24 18:15:07,932 : INFO : telemetry.sender : Sending 4282 bytes
209 : 2024-07-24 18:15:07,933 : INFO : telemetry.sender : Finish uploading in 0.080920 seconds.
209 : 2024-07-24 18:15:07,933 : INFO : telemetry.note : Update the last send in note to 2024-07-24 18:15:07
209 : 2024-07-24 18:15:07,933 : INFO : telemetry.note : Update the note mtime to 2024-07-24 18:15:07.933703
242 : 2024-07-24 18:15:10,046 : INFO : telemetry.main : Attempt start. Configuration directory [/home/angel/.azure].
242 : 2024-07-24 18:15:10,046 : DEBUG : telemetry.note : acquiring lock
242 : 2024-07-24 18:15:10,047 : DEBUG : telemetry.note : acquired lock
242 : 2024-07-24 18:15:10,047 : INFO : telemetry.note : Update the note mtime to 2024-07-24 18:15:10.047188
242 : 2024-07-24 18:15:10,051 : INFO : telemetry.note : Read timestamp from the note. The last send was 2024-07-24 18:15:07.
242 : 2024-07-24 18:15:10,051 : INFO : telemetry.records : 1 cache files to move.
242 : 2024-07-24 18:15:10,051 : INFO : telemetry.records : Create temp folder /tmp/tmpbvc_sent
242 : 2024-07-24 18:15:10,052 : INFO : telemetry.records : Move file /home/angel/.azure/telemetry/cache to /tmp/tmpbvc_sent/cache
242 : 2024-07-24 18:15:10,052 : INFO : telemetry.records : Processed file /tmp/tmpbvc_sent/cache into 1 records.
242 : 2024-07-24 18:15:10,052 : INFO : telemetry.records : Remove directory /tmp/tmpbvc_sent
242 : 2024-07-24 18:15:10,053 : INFO : telemetry.client : Accumulated 1 events. Flush the clients.
242 : 2024-07-24 18:15:10,053 : INFO : telemetry.client : Flush client c4395b75-49cc-422c-bc95-c7d51aef5d46.
242 : 2024-07-24 18:15:10,107 : INFO : telemetry.sender : Sending 4180 bytes
242 : 2024-07-24 18:15:10,108 : INFO : telemetry.sender : Finish uploading in 0.054128 seconds.
242 : 2024-07-24 18:15:10,108 : INFO : telemetry.note : Update the last send in note to 2024-07-24 18:15:09
242 : 2024-07-24 18:15:10,108 : INFO : telemetry.note : Update the note mtime to 2024-07-24 18:15:10.108357
252 : 2024-07-24 18:15:10,367 : INFO : telemetry.main : Attempt start. Configuration directory [/home/angel/.azure].
252 : 2024-07-24 18:15:10,367 : DEBUG : telemetry.note : acquiring lock
252 : 2024-07-24 18:15:10,367 : DEBUG : telemetry.note : acquired lock
252 : 2024-07-24 18:15:10,367 : INFO : telemetry.note : Update the note mtime to 2024-07-24 18:15:10.367680
252 : 2024-07-24 18:15:10,370 : INFO : telemetry.note : Read timestamp from the note. The last send was 2024-07-24 18:15:09.
252 : 2024-07-24 18:15:10,371 : INFO : telemetry.records : 1 cache files to move.
252 : 2024-07-24 18:15:10,371 : INFO : telemetry.records : Create temp folder /tmp/tmpatc3wth2
252 : 2024-07-24 18:15:10,371 : INFO : telemetry.records : Move file /home/angel/.azure/telemetry/cache to /tmp/tmpatc3wth2/cache
252 : 2024-07-24 18:15:10,371 : INFO : telemetry.records : Processed file /tmp/tmpatc3wth2/cache into 1 records.
252 : 2024-07-24 18:15:10,372 : INFO : telemetry.records : Remove directory /tmp/tmpatc3wth2
252 : 2024-07-24 18:15:10,372 : INFO : telemetry.client : Accumulated 1 events. Flush the clients.
252 : 2024-07-24 18:15:10,373 : INFO : telemetry.client : Flush client c4395b75-49cc-422c-bc95-c7d51aef5d46.
252 : 2024-07-24 18:15:10,453 : INFO : telemetry.sender : Sending 4263 bytes
252 : 2024-07-24 18:15:10,453 : INFO : telemetry.sender : Finish uploading in 0.080357 seconds.
252 : 2024-07-24 18:15:10,454 : INFO : telemetry.note : Update the last send in note to 2024-07-24 18:15:10
252 : 2024-07-24 18:15:10,454 : INFO : telemetry.note : Update the note mtime to 2024-07-24 18:15:10.454387
280 : 2024-07-24 18:15:11,363 : INFO : telemetry.main : Attempt start. Configuration directory [/home/angel/.azure].
280 : 2024-07-24 18:15:11,363 : DEBUG : telemetry.note : acquiring lock
280 : 2024-07-24 18:15:11,363 : DEBUG : telemetry.note : acquired lock
280 : 2024-07-24 18:15:11,363 : INFO : telemetry.note : Update the note mtime to 2024-07-24 18:15:11.363828
280 : 2024-07-24 18:15:11,366 : INFO : telemetry.note : Read timestamp from the note. The last send was 2024-07-24 18:15:10.
280 : 2024-07-24 18:15:11,366 : INFO : telemetry.records : 1 cache files to move.
280 : 2024-07-24 18:15:11,367 : INFO : telemetry.records : Create temp folder /tmp/tmpnz7t63tt
280 : 2024-07-24 18:15:11,367 : INFO : telemetry.records : Move file /home/angel/.azure/telemetry/cache to /tmp/tmpnz7t63tt/cache
280 : 2024-07-24 18:15:11,367 : INFO : telemetry.records : Processed file /tmp/tmpnz7t63tt/cache into 1 records.
280 : 2024-07-24 18:15:11,367 : INFO : telemetry.records : Remove directory /tmp/tmpnz7t63tt
280 : 2024-07-24 18:15:11,368 : INFO : telemetry.client : Accumulated 1 events. Flush the clients.
280 : 2024-07-24 18:15:11,368 : INFO : telemetry.client : Flush client c4395b75-49cc-422c-bc95-c7d51aef5d46.
280 : 2024-07-24 18:15:11,430 : INFO : telemetry.sender : Sending 4295 bytes
280 : 2024-07-24 18:15:11,430 : INFO : telemetry.sender : Finish uploading in 0.061423 seconds.
280 : 2024-07-24 18:15:11,430 : INFO : telemetry.note : Update the last send in note to 2024-07-24 18:15:11
280 : 2024-07-24 18:15:11,430 : INFO : telemetry.note : Update the note mtime to 2024-07-24 18:15:11.430767
